-------------------------------------------------------------------------------
Test set: com.example.clinica.OdontologoServiceTest
-------------------------------------------------------------------------------
Tests run: 4, Failures: 0, Errors: 4, Skipped: 0, Time elapsed: 4.103 s <<< FAILURE! - in com.example.clinica.OdontologoServiceTest
eliminarOdontologo  Time elapsed: 0.001 s  <<< ERROR!
java.lang.IllegalStateException: Failed to load ApplicationContext
Caused by: org.springframework.beans.factory.BeanCreationException: Error creating bean with name 'entityManagerFactory' defined in class path resource [org/springframework/boot/autoconfigure/orm/jpa/HibernateJpaConfiguration.class]: Invocation of init method failed; nested exception is org.hibernate.AnnotationException: mappedBy reference an unknown target entity property: com.example.clinica.entity.Turno.domicilio in com.example.clinica.entity.Domicilio.turnos
Caused by: org.hibernate.AnnotationException: mappedBy reference an unknown target entity property: com.example.clinica.entity.Turno.domicilio in com.example.clinica.entity.Domicilio.turnos

traerTodos  Time elapsed: 0 s  <<< ERROR!
java.lang.IllegalStateException: Failed to load ApplicationContext
Caused by: org.springframework.beans.factory.BeanCreationException: Error creating bean with name 'entityManagerFactory' defined in class path resource [org/springframework/boot/autoconfigure/orm/jpa/HibernateJpaConfiguration.class]: Invocation of init method failed; nested exception is org.hibernate.AnnotationException: mappedBy reference an unknown target entity property: com.example.clinica.entity.Turno.domicilio in com.example.clinica.entity.Domicilio.turnos
Caused by: org.hibernate.AnnotationException: mappedBy reference an unknown target entity property: com.example.clinica.entity.Turno.domicilio in com.example.clinica.entity.Domicilio.turnos

registrarOdontologo  Time elapsed: 0 s  <<< ERROR!
java.lang.IllegalStateException: Failed to load ApplicationContext
Caused by: org.springframework.beans.factory.BeanCreationException: Error creating bean with name 'entityManagerFactory' defined in class path resource [org/springframework/boot/autoconfigure/orm/jpa/HibernateJpaConfiguration.class]: Invocation of init method failed; nested exception is org.hibernate.AnnotationException: mappedBy reference an unknown target entity property: com.example.clinica.entity.Turno.domicilio in com.example.clinica.entity.Domicilio.turnos
Caused by: org.hibernate.AnnotationException: mappedBy reference an unknown target entity property: com.example.clinica.entity.Turno.domicilio in com.example.clinica.entity.Domicilio.turnos

buscarOdontologo  Time elapsed: 0 s  <<< ERROR!
java.lang.IllegalStateException: Failed to load ApplicationContext
Caused by: org.springframework.beans.factory.BeanCreationException: Error creating bean with name 'entityManagerFactory' defined in class path resource [org/springframework/boot/autoconfigure/orm/jpa/HibernateJpaConfiguration.class]: Invocation of init method failed; nested exception is org.hibernate.AnnotationException: mappedBy reference an unknown target entity property: com.example.clinica.entity.Turno.domicilio in com.example.clinica.entity.Domicilio.turnos
Caused by: org.hibernate.AnnotationException: mappedBy reference an unknown target entity property: com.example.clinica.entity.Turno.domicilio in com.example.clinica.entity.Domicilio.turnos

